  main.cpp
D:\00.Project\02.Prj\voiceAssist\main.cpp(1,1): warning C4819: 현재 코드 페이지(949)에서 표시할 수 없는 문자가 파일에 들어 있습니다. 데이터가 손실되지 않게 하려면 해당 파일을 유니코드 형식으로 저장하십시오.
C:\opencv\build\include\opencv2\core.hpp(1743,1): warning C4819: 현재 코드 페이지(949)에서 표시할 수 없는 문자가 파일에 들어 있습니다. 데이터가 손실되지 않게 하려면 해당 파일을 유니코드 형식으로 저장하십시오.
C:\opencv\build\include\opencv2\core.hpp(1743,1): warning C4819: 현재 코드 페이지(949)에서 표시할 수 없는 문자가 파일에 들어 있습니다. 데이터가 손실되지 않게 하려면 해당 파일을 유니코드 형식으로 저장하십시오.
C:\opencv\build\include\opencv2\core.hpp(1743,1): warning C4819: 현재 코드 페이지(949)에서 표시할 수 없는 문자가 파일에 들어 있습니다. 데이터가 손실되지 않게 하려면 해당 파일을 유니코드 형식으로 저장하십시오.
     D:\00.Project\02.Prj\voiceAssist\x64\Release\voiceAssist.lib 라이브러리 및 D:\00.Project\02.Prj\voiceAssist\x64\Release\voiceAssist.exp 개체를 생성하고 있습니다.
  코드를 생성하고 있습니다.
  1 of 240 functions ( 0.4%) were compiled, the rest were copied from previous compilation.
    0 functions were new in current compilation
    1 functions had inline decision re-evaluated but remain unchanged
  코드를 생성했습니다.
mysqlcppconn-static.lib(mysql_driver.obj) : warning LNK4099: '' PDB를 'mysqlcppconn-static.lib(mysql_driver.obj)' 또는 ''에서 찾을 수 없습니다. 디버그 정보가 없는 것처럼 개체를 링크합니다.
mysqlcppconn-static.lib(mysql_connection.obj) : warning LNK4099: '' PDB를 'mysqlcppconn-static.lib(mysql_connection.obj)' 또는 ''에서 찾을 수 없습니다. 디버그 정보가 없는 것처럼 개체를 링크합니다.
mysqlcppconn-static.lib(mysql_native_driver_wrapper.obj) : warning LNK4099: '' PDB를 'mysqlcppconn-static.lib(mysql_native_driver_wrapper.obj)' 또는 ''에서 찾을 수 없습니다. 디버그 정보가 없는 것처럼 개체를 링크합니다.
mysqlcppconn-static.lib(mysql_uri.obj) : warning LNK4099: '' PDB를 'mysqlcppconn-static.lib(mysql_uri.obj)' 또는 ''에서 찾을 수 없습니다. 디버그 정보가 없는 것처럼 개체를 링크합니다.
mysqlcppconn-static.lib(mysql_metadata.obj) : warning LNK4099: '' PDB를 'mysqlcppconn-static.lib(mysql_metadata.obj)' 또는 ''에서 찾을 수 없습니다. 디버그 정보가 없는 것처럼 개체를 링크합니다.
mysqlcppconn-static.lib(mysql_warning.obj) : warning LNK4099: '' PDB를 'mysqlcppconn-static.lib(mysql_warning.obj)' 또는 ''에서 찾을 수 없습니다. 디버그 정보가 없는 것처럼 개체를 링크합니다.
mysqlcppconn-static.lib(mysql_prepared_statement.obj) : warning LNK4099: '' PDB를 'mysqlcppconn-static.lib(mysql_prepared_statement.obj)' 또는 ''에서 찾을 수 없습니다. 디버그 정보가 없는 것처럼 개체를 링크합니다.
mysqlcppconn-static.lib(mysql_statement.obj) : warning LNK4099: '' PDB를 'mysqlcppconn-static.lib(mysql_statement.obj)' 또는 ''에서 찾을 수 없습니다. 디버그 정보가 없는 것처럼 개체를 링크합니다.
mysqlcppconn-static.lib(mysql_debug.obj) : warning LNK4099: '' PDB를 'mysqlcppconn-static.lib(mysql_debug.obj)' 또는 ''에서 찾을 수 없습니다. 디버그 정보가 없는 것처럼 개체를 링크합니다.
mysqlcppconn-static.lib(mysql_client_api.obj) : warning LNK4099: '' PDB를 'mysqlcppconn-static.lib(mysql_client_api.obj)' 또는 ''에서 찾을 수 없습니다. 디버그 정보가 없는 것처럼 개체를 링크합니다.
mysqlcppconn-static.lib(mysql_native_connection_wrapper.obj) : warning LNK4099: '' PDB를 'mysqlcppconn-static.lib(mysql_native_connection_wrapper.obj)' 또는 ''에서 찾을 수 없습니다. 디버그 정보가 없는 것처럼 개체를 링크합니다.
mysqlcppconn-static.lib(mysql_util.obj) : warning LNK4099: '' PDB를 'mysqlcppconn-static.lib(mysql_util.obj)' 또는 ''에서 찾을 수 없습니다. 디버그 정보가 없는 것처럼 개체를 링크합니다.
mysqlcppconn-static.lib(mysql_art_resultset.obj) : warning LNK4099: '' PDB를 'mysqlcppconn-static.lib(mysql_art_resultset.obj)' 또는 ''에서 찾을 수 없습니다. 디버그 정보가 없는 것처럼 개체를 링크합니다.
mysqlcppconn-static.lib(mysql_resultbind.obj) : warning LNK4099: '' PDB를 'mysqlcppconn-static.lib(mysql_resultbind.obj)' 또는 ''에서 찾을 수 없습니다. 디버그 정보가 없는 것처럼 개체를 링크합니다.
mysqlcppconn-static.lib(mysql_ps_resultset.obj) : warning LNK4099: '' PDB를 'mysqlcppconn-static.lib(mysql_ps_resultset.obj)' 또는 ''에서 찾을 수 없습니다. 디버그 정보가 없는 것처럼 개체를 링크합니다.
mysqlcppconn-static.lib(mysql_ps_resultset_metadata.obj) : warning LNK4099: '' PDB를 'mysqlcppconn-static.lib(mysql_ps_resultset_metadata.obj)' 또는 ''에서 찾을 수 없습니다. 디버그 정보가 없는 것처럼 개체를 링크합니다.
mysqlcppconn-static.lib(mysql_parameter_metadata.obj) : warning LNK4099: '' PDB를 'mysqlcppconn-static.lib(mysql_parameter_metadata.obj)' 또는 ''에서 찾을 수 없습니다. 디버그 정보가 없는 것처럼 개체를 링크합니다.
mysqlcppconn-static.lib(mysql_resultset.obj) : warning LNK4099: '' PDB를 'mysqlcppconn-static.lib(mysql_resultset.obj)' 또는 ''에서 찾을 수 없습니다. 디버그 정보가 없는 것처럼 개체를 링크합니다.
mysqlcppconn-static.lib(mysql_native_resultset_wrapper.obj) : warning LNK4099: '' PDB를 'mysqlcppconn-static.lib(mysql_native_resultset_wrapper.obj)' 또는 ''에서 찾을 수 없습니다. 디버그 정보가 없는 것처럼 개체를 링크합니다.
mysqlcppconn-static.lib(mysql_native_statement_wrapper.obj) : warning LNK4099: '' PDB를 'mysqlcppconn-static.lib(mysql_native_statement_wrapper.obj)' 또는 ''에서 찾을 수 없습니다. 디버그 정보가 없는 것처럼 개체를 링크합니다.
mysqlcppconn-static.lib(mysql_art_rset_metadata.obj) : warning LNK4099: '' PDB를 'mysqlcppconn-static.lib(mysql_art_rset_metadata.obj)' 또는 ''에서 찾을 수 없습니다. 디버그 정보가 없는 것처럼 개체를 링크합니다.
mysqlcppconn-static.lib(mysql_resultset_metadata.obj) : warning LNK4099: '' PDB를 'mysqlcppconn-static.lib(mysql_resultset_metadata.obj)' 또는 ''에서 찾을 수 없습니다. 디버그 정보가 없는 것처럼 개체를 링크합니다.
  voiceAssist.vcxproj -> D:\00.Project\02.Prj\voiceAssist\x64\Release\voiceAssist.exe
