mysqlcppconn-static.lib(mysql_driver.obj) : error LNK2038: '_ITERATOR_DEBUG_LEVEL'에 대해 불일치가 검색되었습니다. '0' 값이 '2'(main.obj에 위치) 값과 일치하지 않습니다.
mysqlcppconn-static.lib(mysql_driver.obj) : error LNK2038: 'RuntimeLibrary'에 대해 불일치가 검색되었습니다. 'MD_DynamicRelease' 값이 'MDd_DynamicDebug'(main.obj에 위치) 값과 일치하지 않습니다.
mysqlcppconn-static.lib(mysql_driver.obj) : warning LNK4099: '' PDB를 'mysqlcppconn-static.lib(mysql_driver.obj)' 또는 ''에서 찾을 수 없습니다. 디버그 정보가 없는 것처럼 개체를 링크합니다.
mysqlcppconn-static.lib(mysql_connection.obj) : error LNK2038: '_ITERATOR_DEBUG_LEVEL'에 대해 불일치가 검색되었습니다. '0' 값이 '2'(main.obj에 위치) 값과 일치하지 않습니다.
mysqlcppconn-static.lib(mysql_connection.obj) : error LNK2038: 'RuntimeLibrary'에 대해 불일치가 검색되었습니다. 'MD_DynamicRelease' 값이 'MDd_DynamicDebug'(main.obj에 위치) 값과 일치하지 않습니다.
mysqlcppconn-static.lib(mysql_connection.obj) : warning LNK4099: '' PDB를 'mysqlcppconn-static.lib(mysql_connection.obj)' 또는 ''에서 찾을 수 없습니다. 디버그 정보가 없는 것처럼 개체를 링크합니다.
mysqlcppconn-static.lib(mysql_native_driver_wrapper.obj) : error LNK2038: '_ITERATOR_DEBUG_LEVEL'에 대해 불일치가 검색되었습니다. '0' 값이 '2'(main.obj에 위치) 값과 일치하지 않습니다.
mysqlcppconn-static.lib(mysql_native_driver_wrapper.obj) : error LNK2038: 'RuntimeLibrary'에 대해 불일치가 검색되었습니다. 'MD_DynamicRelease' 값이 'MDd_DynamicDebug'(main.obj에 위치) 값과 일치하지 않습니다.
mysqlcppconn-static.lib(mysql_native_driver_wrapper.obj) : warning LNK4099: '' PDB를 'mysqlcppconn-static.lib(mysql_native_driver_wrapper.obj)' 또는 ''에서 찾을 수 없습니다. 디버그 정보가 없는 것처럼 개체를 링크합니다.
mysqlcppconn-static.lib(mysql_uri.obj) : error LNK2038: '_ITERATOR_DEBUG_LEVEL'에 대해 불일치가 검색되었습니다. '0' 값이 '2'(main.obj에 위치) 값과 일치하지 않습니다.
mysqlcppconn-static.lib(mysql_uri.obj) : error LNK2038: 'RuntimeLibrary'에 대해 불일치가 검색되었습니다. 'MD_DynamicRelease' 값이 'MDd_DynamicDebug'(main.obj에 위치) 값과 일치하지 않습니다.
mysqlcppconn-static.lib(mysql_uri.obj) : warning LNK4099: '' PDB를 'mysqlcppconn-static.lib(mysql_uri.obj)' 또는 ''에서 찾을 수 없습니다. 디버그 정보가 없는 것처럼 개체를 링크합니다.
mysqlcppconn-static.lib(mysql_metadata.obj) : error LNK2038: '_ITERATOR_DEBUG_LEVEL'에 대해 불일치가 검색되었습니다. '0' 값이 '2'(main.obj에 위치) 값과 일치하지 않습니다.
mysqlcppconn-static.lib(mysql_metadata.obj) : error LNK2038: 'RuntimeLibrary'에 대해 불일치가 검색되었습니다. 'MD_DynamicRelease' 값이 'MDd_DynamicDebug'(main.obj에 위치) 값과 일치하지 않습니다.
mysqlcppconn-static.lib(mysql_metadata.obj) : warning LNK4099: '' PDB를 'mysqlcppconn-static.lib(mysql_metadata.obj)' 또는 ''에서 찾을 수 없습니다. 디버그 정보가 없는 것처럼 개체를 링크합니다.
mysqlcppconn-static.lib(mysql_warning.obj) : error LNK2038: '_ITERATOR_DEBUG_LEVEL'에 대해 불일치가 검색되었습니다. '0' 값이 '2'(main.obj에 위치) 값과 일치하지 않습니다.
mysqlcppconn-static.lib(mysql_warning.obj) : error LNK2038: 'RuntimeLibrary'에 대해 불일치가 검색되었습니다. 'MD_DynamicRelease' 값이 'MDd_DynamicDebug'(main.obj에 위치) 값과 일치하지 않습니다.
mysqlcppconn-static.lib(mysql_warning.obj) : warning LNK4099: '' PDB를 'mysqlcppconn-static.lib(mysql_warning.obj)' 또는 ''에서 찾을 수 없습니다. 디버그 정보가 없는 것처럼 개체를 링크합니다.
mysqlcppconn-static.lib(mysql_prepared_statement.obj) : error LNK2038: '_ITERATOR_DEBUG_LEVEL'에 대해 불일치가 검색되었습니다. '0' 값이 '2'(main.obj에 위치) 값과 일치하지 않습니다.
mysqlcppconn-static.lib(mysql_prepared_statement.obj) : error LNK2038: 'RuntimeLibrary'에 대해 불일치가 검색되었습니다. 'MD_DynamicRelease' 값이 'MDd_DynamicDebug'(main.obj에 위치) 값과 일치하지 않습니다.
mysqlcppconn-static.lib(mysql_prepared_statement.obj) : warning LNK4099: '' PDB를 'mysqlcppconn-static.lib(mysql_prepared_statement.obj)' 또는 ''에서 찾을 수 없습니다. 디버그 정보가 없는 것처럼 개체를 링크합니다.
mysqlcppconn-static.lib(mysql_statement.obj) : error LNK2038: '_ITERATOR_DEBUG_LEVEL'에 대해 불일치가 검색되었습니다. '0' 값이 '2'(main.obj에 위치) 값과 일치하지 않습니다.
mysqlcppconn-static.lib(mysql_statement.obj) : error LNK2038: 'RuntimeLibrary'에 대해 불일치가 검색되었습니다. 'MD_DynamicRelease' 값이 'MDd_DynamicDebug'(main.obj에 위치) 값과 일치하지 않습니다.
mysqlcppconn-static.lib(mysql_statement.obj) : warning LNK4099: '' PDB를 'mysqlcppconn-static.lib(mysql_statement.obj)' 또는 ''에서 찾을 수 없습니다. 디버그 정보가 없는 것처럼 개체를 링크합니다.
mysqlcppconn-static.lib(mysql_debug.obj) : error LNK2038: '_ITERATOR_DEBUG_LEVEL'에 대해 불일치가 검색되었습니다. '0' 값이 '2'(main.obj에 위치) 값과 일치하지 않습니다.
mysqlcppconn-static.lib(mysql_debug.obj) : error LNK2038: 'RuntimeLibrary'에 대해 불일치가 검색되었습니다. 'MD_DynamicRelease' 값이 'MDd_DynamicDebug'(main.obj에 위치) 값과 일치하지 않습니다.
mysqlcppconn-static.lib(mysql_debug.obj) : warning LNK4099: '' PDB를 'mysqlcppconn-static.lib(mysql_debug.obj)' 또는 ''에서 찾을 수 없습니다. 디버그 정보가 없는 것처럼 개체를 링크합니다.
mysqlcppconn-static.lib(mysql_client_api.obj) : error LNK2038: '_ITERATOR_DEBUG_LEVEL'에 대해 불일치가 검색되었습니다. '0' 값이 '2'(main.obj에 위치) 값과 일치하지 않습니다.
mysqlcppconn-static.lib(mysql_client_api.obj) : error LNK2038: 'RuntimeLibrary'에 대해 불일치가 검색되었습니다. 'MD_DynamicRelease' 값이 'MDd_DynamicDebug'(main.obj에 위치) 값과 일치하지 않습니다.
mysqlcppconn-static.lib(mysql_client_api.obj) : warning LNK4099: '' PDB를 'mysqlcppconn-static.lib(mysql_client_api.obj)' 또는 ''에서 찾을 수 없습니다. 디버그 정보가 없는 것처럼 개체를 링크합니다.
mysqlcppconn-static.lib(mysql_native_connection_wrapper.obj) : error LNK2038: '_ITERATOR_DEBUG_LEVEL'에 대해 불일치가 검색되었습니다. '0' 값이 '2'(main.obj에 위치) 값과 일치하지 않습니다.
mysqlcppconn-static.lib(mysql_native_connection_wrapper.obj) : error LNK2038: 'RuntimeLibrary'에 대해 불일치가 검색되었습니다. 'MD_DynamicRelease' 값이 'MDd_DynamicDebug'(main.obj에 위치) 값과 일치하지 않습니다.
mysqlcppconn-static.lib(mysql_native_connection_wrapper.obj) : warning LNK4099: '' PDB를 'mysqlcppconn-static.lib(mysql_native_connection_wrapper.obj)' 또는 ''에서 찾을 수 없습니다. 디버그 정보가 없는 것처럼 개체를 링크합니다.
mysqlcppconn-static.lib(mysql_util.obj) : error LNK2038: '_ITERATOR_DEBUG_LEVEL'에 대해 불일치가 검색되었습니다. '0' 값이 '2'(main.obj에 위치) 값과 일치하지 않습니다.
mysqlcppconn-static.lib(mysql_util.obj) : error LNK2038: 'RuntimeLibrary'에 대해 불일치가 검색되었습니다. 'MD_DynamicRelease' 값이 'MDd_DynamicDebug'(main.obj에 위치) 값과 일치하지 않습니다.
mysqlcppconn-static.lib(mysql_util.obj) : warning LNK4099: '' PDB를 'mysqlcppconn-static.lib(mysql_util.obj)' 또는 ''에서 찾을 수 없습니다. 디버그 정보가 없는 것처럼 개체를 링크합니다.
mysqlcppconn-static.lib(mysql_art_resultset.obj) : error LNK2038: '_ITERATOR_DEBUG_LEVEL'에 대해 불일치가 검색되었습니다. '0' 값이 '2'(main.obj에 위치) 값과 일치하지 않습니다.
mysqlcppconn-static.lib(mysql_art_resultset.obj) : error LNK2038: 'RuntimeLibrary'에 대해 불일치가 검색되었습니다. 'MD_DynamicRelease' 값이 'MDd_DynamicDebug'(main.obj에 위치) 값과 일치하지 않습니다.
mysqlcppconn-static.lib(mysql_art_resultset.obj) : warning LNK4099: '' PDB를 'mysqlcppconn-static.lib(mysql_art_resultset.obj)' 또는 ''에서 찾을 수 없습니다. 디버그 정보가 없는 것처럼 개체를 링크합니다.
mysqlcppconn-static.lib(mysql_resultbind.obj) : error LNK2038: '_ITERATOR_DEBUG_LEVEL'에 대해 불일치가 검색되었습니다. '0' 값이 '2'(main.obj에 위치) 값과 일치하지 않습니다.
mysqlcppconn-static.lib(mysql_resultbind.obj) : error LNK2038: 'RuntimeLibrary'에 대해 불일치가 검색되었습니다. 'MD_DynamicRelease' 값이 'MDd_DynamicDebug'(main.obj에 위치) 값과 일치하지 않습니다.
mysqlcppconn-static.lib(mysql_resultbind.obj) : warning LNK4099: '' PDB를 'mysqlcppconn-static.lib(mysql_resultbind.obj)' 또는 ''에서 찾을 수 없습니다. 디버그 정보가 없는 것처럼 개체를 링크합니다.
mysqlcppconn-static.lib(mysql_ps_resultset.obj) : error LNK2038: '_ITERATOR_DEBUG_LEVEL'에 대해 불일치가 검색되었습니다. '0' 값이 '2'(main.obj에 위치) 값과 일치하지 않습니다.
mysqlcppconn-static.lib(mysql_ps_resultset.obj) : error LNK2038: 'RuntimeLibrary'에 대해 불일치가 검색되었습니다. 'MD_DynamicRelease' 값이 'MDd_DynamicDebug'(main.obj에 위치) 값과 일치하지 않습니다.
mysqlcppconn-static.lib(mysql_ps_resultset.obj) : warning LNK4099: '' PDB를 'mysqlcppconn-static.lib(mysql_ps_resultset.obj)' 또는 ''에서 찾을 수 없습니다. 디버그 정보가 없는 것처럼 개체를 링크합니다.
mysqlcppconn-static.lib(mysql_ps_resultset_metadata.obj) : error LNK2038: '_ITERATOR_DEBUG_LEVEL'에 대해 불일치가 검색되었습니다. '0' 값이 '2'(main.obj에 위치) 값과 일치하지 않습니다.
mysqlcppconn-static.lib(mysql_ps_resultset_metadata.obj) : error LNK2038: 'RuntimeLibrary'에 대해 불일치가 검색되었습니다. 'MD_DynamicRelease' 값이 'MDd_DynamicDebug'(main.obj에 위치) 값과 일치하지 않습니다.
mysqlcppconn-static.lib(mysql_ps_resultset_metadata.obj) : warning LNK4099: '' PDB를 'mysqlcppconn-static.lib(mysql_ps_resultset_metadata.obj)' 또는 ''에서 찾을 수 없습니다. 디버그 정보가 없는 것처럼 개체를 링크합니다.
mysqlcppconn-static.lib(mysql_parameter_metadata.obj) : error LNK2038: '_ITERATOR_DEBUG_LEVEL'에 대해 불일치가 검색되었습니다. '0' 값이 '2'(main.obj에 위치) 값과 일치하지 않습니다.
mysqlcppconn-static.lib(mysql_parameter_metadata.obj) : error LNK2038: 'RuntimeLibrary'에 대해 불일치가 검색되었습니다. 'MD_DynamicRelease' 값이 'MDd_DynamicDebug'(main.obj에 위치) 값과 일치하지 않습니다.
mysqlcppconn-static.lib(mysql_parameter_metadata.obj) : warning LNK4099: '' PDB를 'mysqlcppconn-static.lib(mysql_parameter_metadata.obj)' 또는 ''에서 찾을 수 없습니다. 디버그 정보가 없는 것처럼 개체를 링크합니다.
mysqlcppconn-static.lib(mysql_resultset.obj) : error LNK2038: '_ITERATOR_DEBUG_LEVEL'에 대해 불일치가 검색되었습니다. '0' 값이 '2'(main.obj에 위치) 값과 일치하지 않습니다.
mysqlcppconn-static.lib(mysql_resultset.obj) : error LNK2038: 'RuntimeLibrary'에 대해 불일치가 검색되었습니다. 'MD_DynamicRelease' 값이 'MDd_DynamicDebug'(main.obj에 위치) 값과 일치하지 않습니다.
mysqlcppconn-static.lib(mysql_resultset.obj) : warning LNK4099: '' PDB를 'mysqlcppconn-static.lib(mysql_resultset.obj)' 또는 ''에서 찾을 수 없습니다. 디버그 정보가 없는 것처럼 개체를 링크합니다.
mysqlcppconn-static.lib(client_plugin.obj) : error LNK2038: '_ITERATOR_DEBUG_LEVEL'에 대해 불일치가 검색되었습니다. '0' 값이 '2'(main.obj에 위치) 값과 일치하지 않습니다.
mysqlcppconn-static.lib(client_plugin.obj) : error LNK2038: 'RuntimeLibrary'에 대해 불일치가 검색되었습니다. 'MD_DynamicRelease' 값이 'MDd_DynamicDebug'(main.obj에 위치) 값과 일치하지 않습니다.
mysqlcppconn-static.lib(libmysql.obj) : error LNK2038: '_ITERATOR_DEBUG_LEVEL'에 대해 불일치가 검색되었습니다. '0' 값이 '2'(main.obj에 위치) 값과 일치하지 않습니다.
mysqlcppconn-static.lib(libmysql.obj) : error LNK2038: 'RuntimeLibrary'에 대해 불일치가 검색되었습니다. 'MD_DynamicRelease' 값이 'MDd_DynamicDebug'(main.obj에 위치) 값과 일치하지 않습니다.
mysqlcppconn-static.lib(client.obj) : error LNK2038: '_ITERATOR_DEBUG_LEVEL'에 대해 불일치가 검색되었습니다. '0' 값이 '2'(main.obj에 위치) 값과 일치하지 않습니다.
mysqlcppconn-static.lib(client.obj) : error LNK2038: 'RuntimeLibrary'에 대해 불일치가 검색되었습니다. 'MD_DynamicRelease' 값이 'MDd_DynamicDebug'(main.obj에 위치) 값과 일치하지 않습니다.
mysqlcppconn-static.lib(dns_srv.obj) : error LNK2038: '_ITERATOR_DEBUG_LEVEL'에 대해 불일치가 검색되었습니다. '0' 값이 '2'(main.obj에 위치) 값과 일치하지 않습니다.
mysqlcppconn-static.lib(dns_srv.obj) : error LNK2038: 'RuntimeLibrary'에 대해 불일치가 검색되었습니다. 'MD_DynamicRelease' 값이 'MDd_DynamicDebug'(main.obj에 위치) 값과 일치하지 않습니다.
mysqlcppconn-static.lib(mysql_native_resultset_wrapper.obj) : error LNK2038: '_ITERATOR_DEBUG_LEVEL'에 대해 불일치가 검색되었습니다. '0' 값이 '2'(main.obj에 위치) 값과 일치하지 않습니다.
mysqlcppconn-static.lib(mysql_native_resultset_wrapper.obj) : error LNK2038: 'RuntimeLibrary'에 대해 불일치가 검색되었습니다. 'MD_DynamicRelease' 값이 'MDd_DynamicDebug'(main.obj에 위치) 값과 일치하지 않습니다.
mysqlcppconn-static.lib(mysql_native_statement_wrapper.obj) : error LNK2038: '_ITERATOR_DEBUG_LEVEL'에 대해 불일치가 검색되었습니다. '0' 값이 '2'(main.obj에 위치) 값과 일치하지 않습니다.
mysqlcppconn-static.lib(mysql_native_statement_wrapper.obj) : error LNK2038: 'RuntimeLibrary'에 대해 불일치가 검색되었습니다. 'MD_DynamicRelease' 값이 'MDd_DynamicDebug'(main.obj에 위치) 값과 일치하지 않습니다.
mysqlcppconn-static.lib(mysql_art_rset_metadata.obj) : error LNK2038: '_ITERATOR_DEBUG_LEVEL'에 대해 불일치가 검색되었습니다. '0' 값이 '2'(main.obj에 위치) 값과 일치하지 않습니다.
mysqlcppconn-static.lib(mysql_art_rset_metadata.obj) : error LNK2038: 'RuntimeLibrary'에 대해 불일치가 검색되었습니다. 'MD_DynamicRelease' 값이 'MDd_DynamicDebug'(main.obj에 위치) 값과 일치하지 않습니다.
mysqlcppconn-static.lib(mysql_native_resultset_wrapper.obj) : warning LNK4099: '' PDB를 'mysqlcppconn-static.lib(mysql_native_resultset_wrapper.obj)' 또는 ''에서 찾을 수 없습니다. 디버그 정보가 없는 것처럼 개체를 링크합니다.
mysqlcppconn-static.lib(mysql_resultset_metadata.obj) : error LNK2038: '_ITERATOR_DEBUG_LEVEL'에 대해 불일치가 검색되었습니다. '0' 값이 '2'(main.obj에 위치) 값과 일치하지 않습니다.
mysqlcppconn-static.lib(mysql_native_statement_wrapper.obj) : warning LNK4099: '' PDB를 'mysqlcppconn-static.lib(mysql_native_statement_wrapper.obj)' 또는 ''에서 찾을 수 없습니다. 디버그 정보가 없는 것처럼 개체를 링크합니다.
mysqlcppconn-static.lib(mysql_resultset_metadata.obj) : error LNK2038: 'RuntimeLibrary'에 대해 불일치가 검색되었습니다. 'MD_DynamicRelease' 값이 'MDd_DynamicDebug'(main.obj에 위치) 값과 일치하지 않습니다.
mysqlcppconn-static.lib(mysql_art_rset_metadata.obj) : warning LNK4099: '' PDB를 'mysqlcppconn-static.lib(mysql_art_rset_metadata.obj)' 또는 ''에서 찾을 수 없습니다. 디버그 정보가 없는 것처럼 개체를 링크합니다.
mysqlcppconn-static.lib(mysql_resultset_metadata.obj) : warning LNK4099: '' PDB를 'mysqlcppconn-static.lib(mysql_resultset_metadata.obj)' 또는 ''에서 찾을 수 없습니다. 디버그 정보가 없는 것처럼 개체를 링크합니다.
mysqlcppconn-static.lib(my_strchr.obj) : error LNK2038: '_ITERATOR_DEBUG_LEVEL'에 대해 불일치가 검색되었습니다. '0' 값이 '2'(main.obj에 위치) 값과 일치하지 않습니다.
mysqlcppconn-static.lib(my_strchr.obj) : error LNK2038: 'RuntimeLibrary'에 대해 불일치가 검색되었습니다. 'MD_DynamicRelease' 값이 'MDd_DynamicDebug'(main.obj에 위치) 값과 일치하지 않습니다.
mysqlcppconn-static.lib(strxnmov.obj) : error LNK2038: '_ITERATOR_DEBUG_LEVEL'에 대해 불일치가 검색되었습니다. '0' 값이 '2'(main.obj에 위치) 값과 일치하지 않습니다.
mysqlcppconn-static.lib(strxnmov.obj) : error LNK2038: 'RuntimeLibrary'에 대해 불일치가 검색되었습니다. 'MD_DynamicRelease' 값이 'MDd_DynamicDebug'(main.obj에 위치) 값과 일치하지 않습니다.
mysqlcppconn-static.lib(my_alloc.obj) : error LNK2038: '_ITERATOR_DEBUG_LEVEL'에 대해 불일치가 검색되었습니다. '0' 값이 '2'(main.obj에 위치) 값과 일치하지 않습니다.
mysqlcppconn-static.lib(my_alloc.obj) : error LNK2038: 'RuntimeLibrary'에 대해 불일치가 검색되었습니다. 'MD_DynamicRelease' 값이 'MDd_DynamicDebug'(main.obj에 위치) 값과 일치하지 않습니다.
mysqlcppconn-static.lib(my_malloc.obj) : error LNK2038: '_ITERATOR_DEBUG_LEVEL'에 대해 불일치가 검색되었습니다. '0' 값이 '2'(main.obj에 위치) 값과 일치하지 않습니다.
mysqlcppconn-static.lib(my_malloc.obj) : error LNK2038: 'RuntimeLibrary'에 대해 불일치가 검색되었습니다. 'MD_DynamicRelease' 값이 'MDd_DynamicDebug'(main.obj에 위치) 값과 일치하지 않습니다.
mysqlcppconn-static.lib(errmsg.obj) : error LNK2038: '_ITERATOR_DEBUG_LEVEL'에 대해 불일치가 검색되었습니다. '0' 값이 '2'(main.obj에 위치) 값과 일치하지 않습니다.
mysqlcppconn-static.lib(errmsg.obj) : error LNK2038: 'RuntimeLibrary'에 대해 불일치가 검색되었습니다. 'MD_DynamicRelease' 값이 'MDd_DynamicDebug'(main.obj에 위치) 값과 일치하지 않습니다.
mysqlcppconn-static.lib(ctype-utf8.obj) : error LNK2038: '_ITERATOR_DEBUG_LEVEL'에 대해 불일치가 검색되었습니다. '0' 값이 '2'(main.obj에 위치) 값과 일치하지 않습니다.
mysqlcppconn-static.lib(ctype-utf8.obj) : error LNK2038: 'RuntimeLibrary'에 대해 불일치가 검색되었습니다. 'MD_DynamicRelease' 값이 'MDd_DynamicDebug'(main.obj에 위치) 값과 일치하지 않습니다.
mysqlcppconn-static.lib(psi_noop.obj) : error LNK2038: '_ITERATOR_DEBUG_LEVEL'에 대해 불일치가 검색되었습니다. '0' 값이 '2'(main.obj에 위치) 값과 일치하지 않습니다.
mysqlcppconn-static.lib(psi_noop.obj) : error LNK2038: 'RuntimeLibrary'에 대해 불일치가 검색되었습니다. 'MD_DynamicRelease' 값이 'MDd_DynamicDebug'(main.obj에 위치) 값과 일치하지 않습니다.
mysqlcppconn-static.lib(mysql_trace.obj) : error LNK2038: '_ITERATOR_DEBUG_LEVEL'에 대해 불일치가 검색되었습니다. '0' 값이 '2'(main.obj에 위치) 값과 일치하지 않습니다.
mysqlcppconn-static.lib(mysql_trace.obj) : error LNK2038: 'RuntimeLibrary'에 대해 불일치가 검색되었습니다. 'MD_DynamicRelease' 값이 'MDd_DynamicDebug'(main.obj에 위치) 값과 일치하지 않습니다.
mysqlcppconn-static.lib(strmake.obj) : error LNK2038: '_ITERATOR_DEBUG_LEVEL'에 대해 불일치가 검색되었습니다. '0' 값이 '2'(main.obj에 위치) 값과 일치하지 않습니다.
mysqlcppconn-static.lib(strmake.obj) : error LNK2038: 'RuntimeLibrary'에 대해 불일치가 검색되었습니다. 'MD_DynamicRelease' 값이 'MDd_DynamicDebug'(main.obj에 위치) 값과 일치하지 않습니다.
mysqlcppconn-static.lib(dtoa.obj) : error LNK2038: '_ITERATOR_DEBUG_LEVEL'에 대해 불일치가 검색되었습니다. '0' 값이 '2'(main.obj에 위치) 값과 일치하지 않습니다.
mysqlcppconn-static.lib(dtoa.obj) : error LNK2038: 'RuntimeLibrary'에 대해 불일치가 검색되었습니다. 'MD_DynamicRelease' 값이 'MDd_DynamicDebug'(main.obj에 위치) 값과 일치하지 않습니다.
mysqlcppconn-static.lib(my_strtoll10.obj) : error LNK2038: '_ITERATOR_DEBUG_LEVEL'에 대해 불일치가 검색되었습니다. '0' 값이 '2'(main.obj에 위치) 값과 일치하지 않습니다.
mysqlcppconn-static.lib(my_strtoll10.obj) : error LNK2038: 'RuntimeLibrary'에 대해 불일치가 검색되었습니다. 'MD_DynamicRelease' 값이 'MDd_DynamicDebug'(main.obj에 위치) 값과 일치하지 않습니다.
mysqlcppconn-static.lib(int2str.obj) : error LNK2038: '_ITERATOR_DEBUG_LEVEL'에 대해 불일치가 검색되었습니다. '0' 값이 '2'(main.obj에 위치) 값과 일치하지 않습니다.
mysqlcppconn-static.lib(int2str.obj) : error LNK2038: 'RuntimeLibrary'에 대해 불일치가 검색되었습니다. 'MD_DynamicRelease' 값이 'MDd_DynamicDebug'(main.obj에 위치) 값과 일치하지 않습니다.
mysqlcppconn-static.lib(my_open.obj) : error LNK2038: '_ITERATOR_DEBUG_LEVEL'에 대해 불일치가 검색되었습니다. '0' 값이 '2'(main.obj에 위치) 값과 일치하지 않습니다.
mysqlcppconn-static.lib(my_open.obj) : error LNK2038: 'RuntimeLibrary'에 대해 불일치가 검색되었습니다. 'MD_DynamicRelease' 값이 'MDd_DynamicDebug'(main.obj에 위치) 값과 일치하지 않습니다.
mysqlcppconn-static.lib(my_symlink.obj) : error LNK2038: '_ITERATOR_DEBUG_LEVEL'에 대해 불일치가 검색되었습니다. '0' 값이 '2'(main.obj에 위치) 값과 일치하지 않습니다.
mysqlcppconn-static.lib(my_symlink.obj) : error LNK2038: 'RuntimeLibrary'에 대해 불일치가 검색되었습니다. 'MD_DynamicRelease' 값이 'MDd_DynamicDebug'(main.obj에 위치) 값과 일치하지 않습니다.
mysqlcppconn-static.lib(my_read.obj) : error LNK2038: '_ITERATOR_DEBUG_LEVEL'에 대해 불일치가 검색되었습니다. '0' 값이 '2'(main.obj에 위치) 값과 일치하지 않습니다.
mysqlcppconn-static.lib(my_read.obj) : error LNK2038: 'RuntimeLibrary'에 대해 불일치가 검색되었습니다. 'MD_DynamicRelease' 값이 'MDd_DynamicDebug'(main.obj에 위치) 값과 일치하지 않습니다.
mysqlcppconn-static.lib(my_error.obj) : error LNK2038: '_ITERATOR_DEBUG_LEVEL'에 대해 불일치가 검색되었습니다. '0' 값이 '2'(main.obj에 위치) 값과 일치하지 않습니다.
mysqlcppconn-static.lib(my_error.obj) : error LNK2038: 'RuntimeLibrary'에 대해 불일치가 검색되었습니다. 'MD_DynamicRelease' 값이 'MDd_DynamicDebug'(main.obj에 위치) 값과 일치하지 않습니다.
mysqlcppconn-static.lib(my_init.obj) : error LNK2038: '_ITERATOR_DEBUG_LEVEL'에 대해 불일치가 검색되었습니다. '0' 값이 '2'(main.obj에 위치) 값과 일치하지 않습니다.
mysqlcppconn-static.lib(my_init.obj) : error LNK2038: 'RuntimeLibrary'에 대해 불일치가 검색되었습니다. 'MD_DynamicRelease' 값이 'MDd_DynamicDebug'(main.obj에 위치) 값과 일치하지 않습니다.
mysqlcppconn-static.lib(mf_dirname.obj) : error LNK2038: '_ITERATOR_DEBUG_LEVEL'에 대해 불일치가 검색되었습니다. '0' 값이 '2'(main.obj에 위치) 값과 일치하지 않습니다.
mysqlcppconn-static.lib(mf_dirname.obj) : error LNK2038: 'RuntimeLibrary'에 대해 불일치가 검색되었습니다. 'MD_DynamicRelease' 값이 'MDd_DynamicDebug'(main.obj에 위치) 값과 일치하지 않습니다.
mysqlcppconn-static.lib(mf_format.obj) : error LNK2038: '_ITERATOR_DEBUG_LEVEL'에 대해 불일치가 검색되었습니다. '0' 값이 '2'(main.obj에 위치) 값과 일치하지 않습니다.
mysqlcppconn-static.lib(mf_format.obj) : error LNK2038: 'RuntimeLibrary'에 대해 불일치가 검색되었습니다. 'MD_DynamicRelease' 값이 'MDd_DynamicDebug'(main.obj에 위치) 값과 일치하지 않습니다.
mysqlcppconn-static.lib(charset.obj) : error LNK2038: '_ITERATOR_DEBUG_LEVEL'에 대해 불일치가 검색되었습니다. '0' 값이 '2'(main.obj에 위치) 값과 일치하지 않습니다.
mysqlcppconn-static.lib(charset.obj) : error LNK2038: 'RuntimeLibrary'에 대해 불일치가 검색되었습니다. 'MD_DynamicRelease' 값이 'MDd_DynamicDebug'(main.obj에 위치) 값과 일치하지 않습니다.
mysqlcppconn-static.lib(my_time.obj) : error LNK2038: '_ITERATOR_DEBUG_LEVEL'에 대해 불일치가 검색되었습니다. '0' 값이 '2'(main.obj에 위치) 값과 일치하지 않습니다.
mysqlcppconn-static.lib(my_time.obj) : error LNK2038: 'RuntimeLibrary'에 대해 불일치가 검색되었습니다. 'MD_DynamicRelease' 값이 'MDd_DynamicDebug'(main.obj에 위치) 값과 일치하지 않습니다.
mysqlcppconn-static.lib(my_thr_init.obj) : error LNK2038: '_ITERATOR_DEBUG_LEVEL'에 대해 불일치가 검색되었습니다. '0' 값이 '2'(main.obj에 위치) 값과 일치하지 않습니다.
mysqlcppconn-static.lib(my_thr_init.obj) : error LNK2038: 'RuntimeLibrary'에 대해 불일치가 검색되었습니다. 'MD_DynamicRelease' 값이 'MDd_DynamicDebug'(main.obj에 위치) 값과 일치하지 않습니다.
mysqlcppconn-static.lib(list.obj) : error LNK2038: '_ITERATOR_DEBUG_LEVEL'에 대해 불일치가 검색되었습니다. '0' 값이 '2'(main.obj에 위치) 값과 일치하지 않습니다.
mysqlcppconn-static.lib(list.obj) : error LNK2038: 'RuntimeLibrary'에 대해 불일치가 검색되었습니다. 'MD_DynamicRelease' 값이 'MDd_DynamicDebug'(main.obj에 위치) 값과 일치하지 않습니다.
mysqlcppconn-static.lib(net_serv.obj) : error LNK2038: '_ITERATOR_DEBUG_LEVEL'에 대해 불일치가 검색되었습니다. '0' 값이 '2'(main.obj에 위치) 값과 일치하지 않습니다.
mysqlcppconn-static.lib(net_serv.obj) : error LNK2038: 'RuntimeLibrary'에 대해 불일치가 검색되었습니다. 'MD_DynamicRelease' 값이 'MDd_DynamicDebug'(main.obj에 위치) 값과 일치하지 않습니다.
mysqlcppconn-static.lib(pack.obj) : error LNK2038: '_ITERATOR_DEBUG_LEVEL'에 대해 불일치가 검색되었습니다. '0' 값이 '2'(main.obj에 위치) 값과 일치하지 않습니다.
mysqlcppconn-static.lib(pack.obj) : error LNK2038: 'RuntimeLibrary'에 대해 불일치가 검색되었습니다. 'MD_DynamicRelease' 값이 'MDd_DynamicDebug'(main.obj에 위치) 값과 일치하지 않습니다.
mysqlcppconn-static.lib(viosslfactories.obj) : error LNK2038: '_ITERATOR_DEBUG_LEVEL'에 대해 불일치가 검색되었습니다. '0' 값이 '2'(main.obj에 위치) 값과 일치하지 않습니다.
mysqlcppconn-static.lib(viosslfactories.obj) : error LNK2038: 'RuntimeLibrary'에 대해 불일치가 검색되었습니다. 'MD_DynamicRelease' 값이 'MDd_DynamicDebug'(main.obj에 위치) 값과 일치하지 않습니다.
mysqlcppconn-static.lib(vio.obj) : error LNK2038: '_ITERATOR_DEBUG_LEVEL'에 대해 불일치가 검색되었습니다. '0' 값이 '2'(main.obj에 위치) 값과 일치하지 않습니다.
mysqlcppconn-static.lib(vio.obj) : error LNK2038: 'RuntimeLibrary'에 대해 불일치가 검색되었습니다. 'MD_DynamicRelease' 값이 'MDd_DynamicDebug'(main.obj에 위치) 값과 일치하지 않습니다.
mysqlcppconn-static.lib(bind_params.obj) : error LNK2038: '_ITERATOR_DEBUG_LEVEL'에 대해 불일치가 검색되었습니다. '0' 값이 '2'(main.obj에 위치) 값과 일치하지 않습니다.
mysqlcppconn-static.lib(bind_params.obj) : error LNK2038: 'RuntimeLibrary'에 대해 불일치가 검색되었습니다. 'MD_DynamicRelease' 값이 'MDd_DynamicDebug'(main.obj에 위치) 값과 일치하지 않습니다.
mysqlcppconn-static.lib(ctype-latin1.obj) : error LNK2038: '_ITERATOR_DEBUG_LEVEL'에 대해 불일치가 검색되었습니다. '0' 값이 '2'(main.obj에 위치) 값과 일치하지 않습니다.
mysqlcppconn-static.lib(ctype-latin1.obj) : error LNK2038: 'RuntimeLibrary'에 대해 불일치가 검색되었습니다. 'MD_DynamicRelease' 값이 'MDd_DynamicDebug'(main.obj에 위치) 값과 일치하지 않습니다.
mysqlcppconn-static.lib(errors.obj) : error LNK2038: '_ITERATOR_DEBUG_LEVEL'에 대해 불일치가 검색되었습니다. '0' 값이 '2'(main.obj에 위치) 값과 일치하지 않습니다.
mysqlcppconn-static.lib(errors.obj) : error LNK2038: 'RuntimeLibrary'에 대해 불일치가 검색되었습니다. 'MD_DynamicRelease' 값이 'MDd_DynamicDebug'(main.obj에 위치) 값과 일치하지 않습니다.
mysqlcppconn-static.lib(client_authentication.obj) : error LNK2038: '_ITERATOR_DEBUG_LEVEL'에 대해 불일치가 검색되었습니다. '0' 값이 '2'(main.obj에 위치) 값과 일치하지 않습니다.
mysqlcppconn-static.lib(client_authentication.obj) : error LNK2038: 'RuntimeLibrary'에 대해 불일치가 검색되었습니다. 'MD_DynamicRelease' 값이 'MDd_DynamicDebug'(main.obj에 위치) 값과 일치하지 않습니다.
mysqlcppconn-static.lib(strxmov.obj) : error LNK2038: '_ITERATOR_DEBUG_LEVEL'에 대해 불일치가 검색되었습니다. '0' 값이 '2'(main.obj에 위치) 값과 일치하지 않습니다.
mysqlcppconn-static.lib(strxmov.obj) : error LNK2038: 'RuntimeLibrary'에 대해 불일치가 검색되었습니다. 'MD_DynamicRelease' 값이 'MDd_DynamicDebug'(main.obj에 위치) 값과 일치하지 않습니다.
mysqlcppconn-static.lib(my_compress.obj) : error LNK2038: '_ITERATOR_DEBUG_LEVEL'에 대해 불일치가 검색되었습니다. '0' 값이 '2'(main.obj에 위치) 값과 일치하지 않습니다.
mysqlcppconn-static.lib(my_compress.obj) : error LNK2038: 'RuntimeLibrary'에 대해 불일치가 검색되었습니다. 'MD_DynamicRelease' 값이 'MDd_DynamicDebug'(main.obj에 위치) 값과 일치하지 않습니다.
mysqlcppconn-static.lib(mulalloc.obj) : error LNK2038: '_ITERATOR_DEBUG_LEVEL'에 대해 불일치가 검색되었습니다. '0' 값이 '2'(main.obj에 위치) 값과 일치하지 않습니다.
mysqlcppconn-static.lib(mulalloc.obj) : error LNK2038: 'RuntimeLibrary'에 대해 불일치가 검색되었습니다. 'MD_DynamicRelease' 값이 'MDd_DynamicDebug'(main.obj에 위치) 값과 일치하지 않습니다.
mysqlcppconn-static.lib(mf_pack.obj) : error LNK2038: '_ITERATOR_DEBUG_LEVEL'에 대해 불일치가 검색되었습니다. '0' 값이 '2'(main.obj에 위치) 값과 일치하지 않습니다.
mysqlcppconn-static.lib(mf_pack.obj) : error LNK2038: 'RuntimeLibrary'에 대해 불일치가 검색되었습니다. 'MD_DynamicRelease' 값이 'MDd_DynamicDebug'(main.obj에 위치) 값과 일치하지 않습니다.
mysqlcppconn-static.lib(password.obj) : error LNK2038: '_ITERATOR_DEBUG_LEVEL'에 대해 불일치가 검색되었습니다. '0' 값이 '2'(main.obj에 위치) 값과 일치하지 않습니다.
mysqlcppconn-static.lib(password.obj) : error LNK2038: 'RuntimeLibrary'에 대해 불일치가 검색되었습니다. 'MD_DynamicRelease' 값이 'MDd_DynamicDebug'(main.obj에 위치) 값과 일치하지 않습니다.
mysqlcppconn-static.lib(compression.obj) : error LNK2038: '_ITERATOR_DEBUG_LEVEL'에 대해 불일치가 검색되었습니다. '0' 값이 '2'(main.obj에 위치) 값과 일치하지 않습니다.
mysqlcppconn-static.lib(compression.obj) : error LNK2038: 'RuntimeLibrary'에 대해 불일치가 검색되었습니다. 'MD_DynamicRelease' 값이 'MDd_DynamicDebug'(main.obj에 위치) 값과 일치하지 않습니다.
mysqlcppconn-static.lib(my_default.obj) : error LNK2038: '_ITERATOR_DEBUG_LEVEL'에 대해 불일치가 검색되었습니다. '0' 값이 '2'(main.obj에 위치) 값과 일치하지 않습니다.
mysqlcppconn-static.lib(my_default.obj) : error LNK2038: 'RuntimeLibrary'에 대해 불일치가 검색되었습니다. 'MD_DynamicRelease' 값이 'MDd_DynamicDebug'(main.obj에 위치) 값과 일치하지 않습니다.
mysqlcppconn-static.lib(typelib.obj) : error LNK2038: '_ITERATOR_DEBUG_LEVEL'에 대해 불일치가 검색되었습니다. '0' 값이 '2'(main.obj에 위치) 값과 일치하지 않습니다.
mysqlcppconn-static.lib(typelib.obj) : error LNK2038: 'RuntimeLibrary'에 대해 불일치가 검색되었습니다. 'MD_DynamicRelease' 값이 'MDd_DynamicDebug'(main.obj에 위치) 값과 일치하지 않습니다.
mysqlcppconn-static.lib(viosocket.obj) : error LNK2038: '_ITERATOR_DEBUG_LEVEL'에 대해 불일치가 검색되었습니다. '0' 값이 '2'(main.obj에 위치) 값과 일치하지 않습니다.
mysqlcppconn-static.lib(viosocket.obj) : error LNK2038: 'RuntimeLibrary'에 대해 불일치가 검색되었습니다. 'MD_DynamicRelease' 값이 'MDd_DynamicDebug'(main.obj에 위치) 값과 일치하지 않습니다.
mysqlcppconn-static.lib(viossl.obj) : error LNK2038: '_ITERATOR_DEBUG_LEVEL'에 대해 불일치가 검색되었습니다. '0' 값이 '2'(main.obj에 위치) 값과 일치하지 않습니다.
mysqlcppconn-static.lib(viossl.obj) : error LNK2038: 'RuntimeLibrary'에 대해 불일치가 검색되었습니다. 'MD_DynamicRelease' 값이 'MDd_DynamicDebug'(main.obj에 위치) 값과 일치하지 않습니다.
mysqlcppconn-static.lib(ctype.obj) : error LNK2038: '_ITERATOR_DEBUG_LEVEL'에 대해 불일치가 검색되었습니다. '0' 값이 '2'(main.obj에 위치) 값과 일치하지 않습니다.
mysqlcppconn-static.lib(ctype.obj) : error LNK2038: 'RuntimeLibrary'에 대해 불일치가 검색되었습니다. 'MD_DynamicRelease' 값이 'MDd_DynamicDebug'(main.obj에 위치) 값과 일치하지 않습니다.
mysqlcppconn-static.lib(my_mess.obj) : error LNK2038: '_ITERATOR_DEBUG_LEVEL'에 대해 불일치가 검색되었습니다. '0' 값이 '2'(main.obj에 위치) 값과 일치하지 않습니다.
mysqlcppconn-static.lib(my_mess.obj) : error LNK2038: 'RuntimeLibrary'에 대해 불일치가 검색되었습니다. 'MD_DynamicRelease' 값이 'MDd_DynamicDebug'(main.obj에 위치) 값과 일치하지 않습니다.
mysqlcppconn-static.lib(my_static.obj) : error LNK2038: '_ITERATOR_DEBUG_LEVEL'에 대해 불일치가 검색되었습니다. '0' 값이 '2'(main.obj에 위치) 값과 일치하지 않습니다.
mysqlcppconn-static.lib(my_static.obj) : error LNK2038: 'RuntimeLibrary'에 대해 불일치가 검색되었습니다. 'MD_DynamicRelease' 값이 'MDd_DynamicDebug'(main.obj에 위치) 값과 일치하지 않습니다.
mysqlcppconn-static.lib(ctype-simple.obj) : error LNK2038: '_ITERATOR_DEBUG_LEVEL'에 대해 불일치가 검색되었습니다. '0' 값이 '2'(main.obj에 위치) 값과 일치하지 않습니다.
mysqlcppconn-static.lib(ctype-simple.obj) : error LNK2038: 'RuntimeLibrary'에 대해 불일치가 검색되었습니다. 'MD_DynamicRelease' 값이 'MDd_DynamicDebug'(main.obj에 위치) 값과 일치하지 않습니다.
mysqlcppconn-static.lib(ctype-mb.obj) : error LNK2038: '_ITERATOR_DEBUG_LEVEL'에 대해 불일치가 검색되었습니다. '0' 값이 '2'(main.obj에 위치) 값과 일치하지 않습니다.
mysqlcppconn-static.lib(ctype-mb.obj) : error LNK2038: 'RuntimeLibrary'에 대해 불일치가 검색되었습니다. 'MD_DynamicRelease' 값이 'MDd_DynamicDebug'(main.obj에 위치) 값과 일치하지 않습니다.
mysqlcppconn-static.lib(my_thread.obj) : error LNK2038: '_ITERATOR_DEBUG_LEVEL'에 대해 불일치가 검색되었습니다. '0' 값이 '2'(main.obj에 위치) 값과 일치하지 않습니다.
mysqlcppconn-static.lib(my_thread.obj) : error LNK2038: 'RuntimeLibrary'에 대해 불일치가 검색되었습니다. 'MD_DynamicRelease' 값이 'MDd_DynamicDebug'(main.obj에 위치) 값과 일치하지 않습니다.
mysqlcppconn-static.lib(my_file.obj) : error LNK2038: '_ITERATOR_DEBUG_LEVEL'에 대해 불일치가 검색되었습니다. '0' 값이 '2'(main.obj에 위치) 값과 일치하지 않습니다.
mysqlcppconn-static.lib(my_file.obj) : error LNK2038: 'RuntimeLibrary'에 대해 불일치가 검색되었습니다. 'MD_DynamicRelease' 값이 'MDd_DynamicDebug'(main.obj에 위치) 값과 일치하지 않습니다.
mysqlcppconn-static.lib(my_winfile.obj) : error LNK2038: '_ITERATOR_DEBUG_LEVEL'에 대해 불일치가 검색되었습니다. '0' 값이 '2'(main.obj에 위치) 값과 일치하지 않습니다.
mysqlcppconn-static.lib(my_winfile.obj) : error LNK2038: 'RuntimeLibrary'에 대해 불일치가 검색되었습니다. 'MD_DynamicRelease' 값이 'MDd_DynamicDebug'(main.obj에 위치) 값과 일치하지 않습니다.
mysqlcppconn-static.lib(mf_loadpath.obj) : error LNK2038: '_ITERATOR_DEBUG_LEVEL'에 대해 불일치가 검색되었습니다. '0' 값이 '2'(main.obj에 위치) 값과 일치하지 않습니다.
mysqlcppconn-static.lib(mf_loadpath.obj) : error LNK2038: 'RuntimeLibrary'에 대해 불일치가 검색되었습니다. 'MD_DynamicRelease' 값이 'MDd_DynamicDebug'(main.obj에 위치) 값과 일치하지 않습니다.
mysqlcppconn-static.lib(my_lib.obj) : error LNK2038: '_ITERATOR_DEBUG_LEVEL'에 대해 불일치가 검색되었습니다. '0' 값이 '2'(main.obj에 위치) 값과 일치하지 않습니다.
mysqlcppconn-static.lib(my_lib.obj) : error LNK2038: 'RuntimeLibrary'에 대해 불일치가 검색되었습니다. 'MD_DynamicRelease' 값이 'MDd_DynamicDebug'(main.obj에 위치) 값과 일치하지 않습니다.
mysqlcppconn-static.lib(str2int.obj) : error LNK2038: '_ITERATOR_DEBUG_LEVEL'에 대해 불일치가 검색되었습니다. '0' 값이 '2'(main.obj에 위치) 값과 일치하지 않습니다.
mysqlcppconn-static.lib(str2int.obj) : error LNK2038: 'RuntimeLibrary'에 대해 불일치가 검색되었습니다. 'MD_DynamicRelease' 값이 'MDd_DynamicDebug'(main.obj에 위치) 값과 일치하지 않습니다.
mysqlcppconn-static.lib(my_once.obj) : error LNK2038: '_ITERATOR_DEBUG_LEVEL'에 대해 불일치가 검색되었습니다. '0' 값이 '2'(main.obj에 위치) 값과 일치하지 않습니다.
mysqlcppconn-static.lib(my_once.obj) : error LNK2038: 'RuntimeLibrary'에 대해 불일치가 검색되었습니다. 'MD_DynamicRelease' 값이 'MDd_DynamicDebug'(main.obj에 위치) 값과 일치하지 않습니다.
mysqlcppconn-static.lib(my_getwd.obj) : error LNK2038: '_ITERATOR_DEBUG_LEVEL'에 대해 불일치가 검색되었습니다. '0' 값이 '2'(main.obj에 위치) 값과 일치하지 않습니다.
mysqlcppconn-static.lib(my_getwd.obj) : error LNK2038: 'RuntimeLibrary'에 대해 불일치가 검색되었습니다. 'MD_DynamicRelease' 값이 'MDd_DynamicDebug'(main.obj에 위치) 값과 일치하지 않습니다.
mysqlcppconn-static.lib(charset-def.obj) : error LNK2038: '_ITERATOR_DEBUG_LEVEL'에 대해 불일치가 검색되었습니다. '0' 값이 '2'(main.obj에 위치) 값과 일치하지 않습니다.
mysqlcppconn-static.lib(charset-def.obj) : error LNK2038: 'RuntimeLibrary'에 대해 불일치가 검색되었습니다. 'MD_DynamicRelease' 값이 'MDd_DynamicDebug'(main.obj에 위치) 값과 일치하지 않습니다.
mysqlcppconn-static.lib(sql_chars.obj) : error LNK2038: '_ITERATOR_DEBUG_LEVEL'에 대해 불일치가 검색되었습니다. '0' 값이 '2'(main.obj에 위치) 값과 일치하지 않습니다.
mysqlcppconn-static.lib(sql_chars.obj) : error LNK2038: 'RuntimeLibrary'에 대해 불일치가 검색되었습니다. 'MD_DynamicRelease' 값이 'MDd_DynamicDebug'(main.obj에 위치) 값과 일치하지 않습니다.
mysqlcppconn-static.lib(ctype-bin.obj) : error LNK2038: '_ITERATOR_DEBUG_LEVEL'에 대해 불일치가 검색되었습니다. '0' 값이 '2'(main.obj에 위치) 값과 일치하지 않습니다.
mysqlcppconn-static.lib(ctype-bin.obj) : error LNK2038: 'RuntimeLibrary'에 대해 불일치가 검색되었습니다. 'MD_DynamicRelease' 값이 'MDd_DynamicDebug'(main.obj에 위치) 값과 일치하지 않습니다.
mysqlcppconn-static.lib(ctype-uca.obj) : error LNK2038: '_ITERATOR_DEBUG_LEVEL'에 대해 불일치가 검색되었습니다. '0' 값이 '2'(main.obj에 위치) 값과 일치하지 않습니다.
mysqlcppconn-static.lib(ctype-uca.obj) : error LNK2038: 'RuntimeLibrary'에 대해 불일치가 검색되었습니다. 'MD_DynamicRelease' 값이 'MDd_DynamicDebug'(main.obj에 위치) 값과 일치하지 않습니다.
mysqlcppconn-static.lib(ctype-cp932.obj) : error LNK2038: '_ITERATOR_DEBUG_LEVEL'에 대해 불일치가 검색되었습니다. '0' 값이 '2'(main.obj에 위치) 값과 일치하지 않습니다.
mysqlcppconn-static.lib(ctype-cp932.obj) : error LNK2038: 'RuntimeLibrary'에 대해 불일치가 검색되었습니다. 'MD_DynamicRelease' 값이 'MDd_DynamicDebug'(main.obj에 위치) 값과 일치하지 않습니다.
mysqlcppconn-static.lib(viopipe.obj) : error LNK2038: '_ITERATOR_DEBUG_LEVEL'에 대해 불일치가 검색되었습니다. '0' 값이 '2'(main.obj에 위치) 값과 일치하지 않습니다.
mysqlcppconn-static.lib(viopipe.obj) : error LNK2038: 'RuntimeLibrary'에 대해 불일치가 검색되었습니다. 'MD_DynamicRelease' 값이 'MDd_DynamicDebug'(main.obj에 위치) 값과 일치하지 않습니다.
mysqlcppconn-static.lib(vioshm.obj) : error LNK2038: '_ITERATOR_DEBUG_LEVEL'에 대해 불일치가 검색되었습니다. '0' 값이 '2'(main.obj에 위치) 값과 일치하지 않습니다.
mysqlcppconn-static.lib(vioshm.obj) : error LNK2038: 'RuntimeLibrary'에 대해 불일치가 검색되었습니다. 'MD_DynamicRelease' 값이 'MDd_DynamicDebug'(main.obj에 위치) 값과 일치하지 않습니다.
mysqlcppconn-static.lib(crypt_genhash_impl.obj) : error LNK2038: '_ITERATOR_DEBUG_LEVEL'에 대해 불일치가 검색되었습니다. '0' 값이 '2'(main.obj에 위치) 값과 일치하지 않습니다.
mysqlcppconn-static.lib(crypt_genhash_impl.obj) : error LNK2038: 'RuntimeLibrary'에 대해 불일치가 검색되었습니다. 'MD_DynamicRelease' 값이 'MDd_DynamicDebug'(main.obj에 위치) 값과 일치하지 않습니다.
mysqlcppconn-static.lib(sha2_password_common.obj) : error LNK2038: '_ITERATOR_DEBUG_LEVEL'에 대해 불일치가 검색되었습니다. '0' 값이 '2'(main.obj에 위치) 값과 일치하지 않습니다.
mysqlcppconn-static.lib(sha2_password_common.obj) : error LNK2038: 'RuntimeLibrary'에 대해 불일치가 검색되었습니다. 'MD_DynamicRelease' 값이 'MDd_DynamicDebug'(main.obj에 위치) 값과 일치하지 않습니다.
mysqlcppconn-static.lib(my_aes_openssl.obj) : error LNK2038: '_ITERATOR_DEBUG_LEVEL'에 대해 불일치가 검색되었습니다. '0' 값이 '2'(main.obj에 위치) 값과 일치하지 않습니다.
mysqlcppconn-static.lib(my_aes_openssl.obj) : error LNK2038: 'RuntimeLibrary'에 대해 불일치가 검색되었습니다. 'MD_DynamicRelease' 값이 'MDd_DynamicDebug'(main.obj에 위치) 값과 일치하지 않습니다.
mysqlcppconn-static.lib(my_fstream.obj) : error LNK2038: '_ITERATOR_DEBUG_LEVEL'에 대해 불일치가 검색되었습니다. '0' 값이 '2'(main.obj에 위치) 값과 일치하지 않습니다.
mysqlcppconn-static.lib(my_fstream.obj) : error LNK2038: 'RuntimeLibrary'에 대해 불일치가 검색되었습니다. 'MD_DynamicRelease' 값이 'MDd_DynamicDebug'(main.obj에 위치) 값과 일치하지 않습니다.
mysqlcppconn-static.lib(my_fopen.obj) : error LNK2038: '_ITERATOR_DEBUG_LEVEL'에 대해 불일치가 검색되었습니다. '0' 값이 '2'(main.obj에 위치) 값과 일치하지 않습니다.
mysqlcppconn-static.lib(my_fopen.obj) : error LNK2038: 'RuntimeLibrary'에 대해 불일치가 검색되었습니다. 'MD_DynamicRelease' 값이 'MDd_DynamicDebug'(main.obj에 위치) 값과 일치하지 않습니다.
mysqlcppconn-static.lib(mf_fn_ext.obj) : error LNK2038: '_ITERATOR_DEBUG_LEVEL'에 대해 불일치가 검색되었습니다. '0' 값이 '2'(main.obj에 위치) 값과 일치하지 않습니다.
mysqlcppconn-static.lib(mf_fn_ext.obj) : error LNK2038: 'RuntimeLibrary'에 대해 불일치가 검색되었습니다. 'MD_DynamicRelease' 값이 'MDd_DynamicDebug'(main.obj에 위치) 값과 일치하지 않습니다.
mysqlcppconn-static.lib(xml.obj) : error LNK2038: '_ITERATOR_DEBUG_LEVEL'에 대해 불일치가 검색되었습니다. '0' 값이 '2'(main.obj에 위치) 값과 일치하지 않습니다.
mysqlcppconn-static.lib(xml.obj) : error LNK2038: 'RuntimeLibrary'에 대해 불일치가 검색되었습니다. 'MD_DynamicRelease' 값이 'MDd_DynamicDebug'(main.obj에 위치) 값과 일치하지 않습니다.
mysqlcppconn-static.lib(my_winerr.obj) : error LNK2038: '_ITERATOR_DEBUG_LEVEL'에 대해 불일치가 검색되었습니다. '0' 값이 '2'(main.obj에 위치) 값과 일치하지 않습니다.
mysqlcppconn-static.lib(my_winerr.obj) : error LNK2038: 'RuntimeLibrary'에 대해 불일치가 검색되었습니다. 'MD_DynamicRelease' 값이 'MDd_DynamicDebug'(main.obj에 위치) 값과 일치하지 않습니다.
mysqlcppconn-static.lib(my_access.obj) : error LNK2038: '_ITERATOR_DEBUG_LEVEL'에 대해 불일치가 검색되었습니다. '0' 값이 '2'(main.obj에 위치) 값과 일치하지 않습니다.
mysqlcppconn-static.lib(my_access.obj) : error LNK2038: 'RuntimeLibrary'에 대해 불일치가 검색되었습니다. 'MD_DynamicRelease' 값이 'MDd_DynamicDebug'(main.obj에 위치) 값과 일치하지 않습니다.
mysqlcppconn-static.lib(ctype-extra.obj) : error LNK2038: '_ITERATOR_DEBUG_LEVEL'에 대해 불일치가 검색되었습니다. '0' 값이 '2'(main.obj에 위치) 값과 일치하지 않습니다.
mysqlcppconn-static.lib(ctype-extra.obj) : error LNK2038: 'RuntimeLibrary'에 대해 불일치가 검색되었습니다. 'MD_DynamicRelease' 값이 'MDd_DynamicDebug'(main.obj에 위치) 값과 일치하지 않습니다.
mysqlcppconn-static.lib(ctype-big5.obj) : error LNK2038: '_ITERATOR_DEBUG_LEVEL'에 대해 불일치가 검색되었습니다. '0' 값이 '2'(main.obj에 위치) 값과 일치하지 않습니다.
mysqlcppconn-static.lib(ctype-big5.obj) : error LNK2038: 'RuntimeLibrary'에 대해 불일치가 검색되었습니다. 'MD_DynamicRelease' 값이 'MDd_DynamicDebug'(main.obj에 위치) 값과 일치하지 않습니다.
mysqlcppconn-static.lib(ctype-win1250ch.obj) : error LNK2038: '_ITERATOR_DEBUG_LEVEL'에 대해 불일치가 검색되었습니다. '0' 값이 '2'(main.obj에 위치) 값과 일치하지 않습니다.
mysqlcppconn-static.lib(ctype-win1250ch.obj) : error LNK2038: 'RuntimeLibrary'에 대해 불일치가 검색되었습니다. 'MD_DynamicRelease' 값이 'MDd_DynamicDebug'(main.obj에 위치) 값과 일치하지 않습니다.
mysqlcppconn-static.lib(ctype-czech.obj) : error LNK2038: '_ITERATOR_DEBUG_LEVEL'에 대해 불일치가 검색되었습니다. '0' 값이 '2'(main.obj에 위치) 값과 일치하지 않습니다.
mysqlcppconn-static.lib(ctype-czech.obj) : error LNK2038: 'RuntimeLibrary'에 대해 불일치가 검색되었습니다. 'MD_DynamicRelease' 값이 'MDd_DynamicDebug'(main.obj에 위치) 값과 일치하지 않습니다.
mysqlcppconn-static.lib(ctype-eucjpms.obj) : error LNK2038: '_ITERATOR_DEBUG_LEVEL'에 대해 불일치가 검색되었습니다. '0' 값이 '2'(main.obj에 위치) 값과 일치하지 않습니다.
mysqlcppconn-static.lib(ctype-eucjpms.obj) : error LNK2038: 'RuntimeLibrary'에 대해 불일치가 검색되었습니다. 'MD_DynamicRelease' 값이 'MDd_DynamicDebug'(main.obj에 위치) 값과 일치하지 않습니다.
mysqlcppconn-static.lib(ctype-euc_kr.obj) : error LNK2038: '_ITERATOR_DEBUG_LEVEL'에 대해 불일치가 검색되었습니다. '0' 값이 '2'(main.obj에 위치) 값과 일치하지 않습니다.
mysqlcppconn-static.lib(ctype-euc_kr.obj) : error LNK2038: 'RuntimeLibrary'에 대해 불일치가 검색되었습니다. 'MD_DynamicRelease' 값이 'MDd_DynamicDebug'(main.obj에 위치) 값과 일치하지 않습니다.
mysqlcppconn-static.lib(ctype-gb2312.obj) : error LNK2038: '_ITERATOR_DEBUG_LEVEL'에 대해 불일치가 검색되었습니다. '0' 값이 '2'(main.obj에 위치) 값과 일치하지 않습니다.
mysqlcppconn-static.lib(ctype-gb2312.obj) : error LNK2038: 'RuntimeLibrary'에 대해 불일치가 검색되었습니다. 'MD_DynamicRelease' 값이 'MDd_DynamicDebug'(main.obj에 위치) 값과 일치하지 않습니다.
mysqlcppconn-static.lib(ctype-gbk.obj) : error LNK2038: '_ITERATOR_DEBUG_LEVEL'에 대해 불일치가 검색되었습니다. '0' 값이 '2'(main.obj에 위치) 값과 일치하지 않습니다.
mysqlcppconn-static.lib(ctype-gbk.obj) : error LNK2038: 'RuntimeLibrary'에 대해 불일치가 검색되었습니다. 'MD_DynamicRelease' 값이 'MDd_DynamicDebug'(main.obj에 위치) 값과 일치하지 않습니다.
mysqlcppconn-static.lib(ctype-gb18030.obj) : error LNK2038: '_ITERATOR_DEBUG_LEVEL'에 대해 불일치가 검색되었습니다. '0' 값이 '2'(main.obj에 위치) 값과 일치하지 않습니다.
mysqlcppconn-static.lib(ctype-gb18030.obj) : error LNK2038: 'RuntimeLibrary'에 대해 불일치가 검색되었습니다. 'MD_DynamicRelease' 값이 'MDd_DynamicDebug'(main.obj에 위치) 값과 일치하지 않습니다.
mysqlcppconn-static.lib(ctype-sjis.obj) : error LNK2038: '_ITERATOR_DEBUG_LEVEL'에 대해 불일치가 검색되었습니다. '0' 값이 '2'(main.obj에 위치) 값과 일치하지 않습니다.
mysqlcppconn-static.lib(ctype-sjis.obj) : error LNK2038: 'RuntimeLibrary'에 대해 불일치가 검색되었습니다. 'MD_DynamicRelease' 값이 'MDd_DynamicDebug'(main.obj에 위치) 값과 일치하지 않습니다.
mysqlcppconn-static.lib(ctype-tis620.obj) : error LNK2038: '_ITERATOR_DEBUG_LEVEL'에 대해 불일치가 검색되었습니다. '0' 값이 '2'(main.obj에 위치) 값과 일치하지 않습니다.
mysqlcppconn-static.lib(ctype-tis620.obj) : error LNK2038: 'RuntimeLibrary'에 대해 불일치가 검색되었습니다. 'MD_DynamicRelease' 값이 'MDd_DynamicDebug'(main.obj에 위치) 값과 일치하지 않습니다.
mysqlcppconn-static.lib(ctype-ujis.obj) : error LNK2038: '_ITERATOR_DEBUG_LEVEL'에 대해 불일치가 검색되었습니다. '0' 값이 '2'(main.obj에 위치) 값과 일치하지 않습니다.
mysqlcppconn-static.lib(ctype-ujis.obj) : error LNK2038: 'RuntimeLibrary'에 대해 불일치가 검색되었습니다. 'MD_DynamicRelease' 값이 'MDd_DynamicDebug'(main.obj에 위치) 값과 일치하지 않습니다.
mysqlcppconn-static.lib(ctype-ucs2.obj) : error LNK2038: '_ITERATOR_DEBUG_LEVEL'에 대해 불일치가 검색되었습니다. '0' 값이 '2'(main.obj에 위치) 값과 일치하지 않습니다.
mysqlcppconn-static.lib(ctype-ucs2.obj) : error LNK2038: 'RuntimeLibrary'에 대해 불일치가 검색되었습니다. 'MD_DynamicRelease' 값이 'MDd_DynamicDebug'(main.obj에 위치) 값과 일치하지 않습니다.
mysqlcppconn-static.lib(my_aes.obj) : error LNK2038: '_ITERATOR_DEBUG_LEVEL'에 대해 불일치가 검색되었습니다. '0' 값이 '2'(main.obj에 위치) 값과 일치하지 않습니다.
mysqlcppconn-static.lib(my_aes.obj) : error LNK2038: 'RuntimeLibrary'에 대해 불일치가 검색되었습니다. 'MD_DynamicRelease' 값이 'MDd_DynamicDebug'(main.obj에 위치) 값과 일치하지 않습니다.
mysqlcppconn-static.lib(my_kdf.obj) : error LNK2038: '_ITERATOR_DEBUG_LEVEL'에 대해 불일치가 검색되었습니다. '0' 값이 '2'(main.obj에 위치) 값과 일치하지 않습니다.
mysqlcppconn-static.lib(my_kdf.obj) : error LNK2038: 'RuntimeLibrary'에 대해 불일치가 검색되었습니다. 'MD_DynamicRelease' 값이 'MDd_DynamicDebug'(main.obj에 위치) 값과 일치하지 않습니다.
     D:\00.Project\02.Prj\voiceAssist\x64\Debug\voiceAssist.lib 라이브러리 및 D:\00.Project\02.Prj\voiceAssist\x64\Debug\voiceAssist.exp 개체를 생성하고 있습니다.
LINK : warning LNK4098: 'MSVCRT' defaultlib가 다른 라이브러리와 충돌합니다. /NODEFAULTLIB:library를 사용하십시오.
D:\00.Project\02.Prj\voiceAssist\x64\Debug\voiceAssist.exe : fatal error LNK1319: 222개의 불일치가 검색되었습니다.
